/*C2647*/SET SCHEMA CHAMPIONSHIP
INSERT INTO SCORE VALUES(590,0,0,0,0,0,NULL)
ALTER SEQUENCE CHAMPIONSHIP.HIBERNATE_SEQUENCE RESTART WITH 591
COMMIT
SET SCHEMA PUBLIC
DISCONNECT
/*C2648*/SET SCHEMA CHAMPIONSHIP
INSERT INTO GROUP VALUES(591,'Gang of Four New',0)
ALTER SEQUENCE CHAMPIONSHIP.HIBERNATE_SEQUENCE RESTART WITH 592
COMMIT
SET SCHEMA PUBLIC
DISCONNECT
/*C2649*/SET SCHEMA CHAMPIONSHIP
INSERT INTO PARTICIPANT VALUES(592,NULL,'First',FALSE,NULL,NULL,NULL)
ALTER SEQUENCE CHAMPIONSHIP.HIBERNATE_SEQUENCE RESTART WITH 593
COMMIT
SET SCHEMA PUBLIC
DISCONNECT
/*C2650*/SET SCHEMA CHAMPIONSHIP
INSERT INTO PARTICIPANT VALUES(593,NULL,'Second',FALSE,NULL,NULL,NULL)
ALTER SEQUENCE CHAMPIONSHIP.HIBERNATE_SEQUENCE RESTART WITH 594
COMMIT
SET SCHEMA PUBLIC
DISCONNECT
/*C2651*/SET SCHEMA CHAMPIONSHIP
INSERT INTO PARTICIPANT VALUES(594,NULL,'Third',FALSE,NULL,NULL,NULL)
ALTER SEQUENCE CHAMPIONSHIP.HIBERNATE_SEQUENCE RESTART WITH 595
COMMIT
SET SCHEMA PUBLIC
DISCONNECT
/*C2652*/SET SCHEMA CHAMPIONSHIP
INSERT INTO PARTICIPANT VALUES(595,NULL,'Forth',FALSE,NULL,NULL,NULL)
ALTER SEQUENCE CHAMPIONSHIP.HIBERNATE_SEQUENCE RESTART WITH 596
COMMIT
SET SCHEMA PUBLIC
DISCONNECT
/*C2653*/SET SCHEMA PUBLIC
DISCONNECT
/*C2654*/SET SCHEMA CHAMPIONSHIP
INSERT INTO USER VALUES(596,'mail@mails.bg','Gosho',FALSE,'Petrov','1234',NULL)
ALTER SEQUENCE CHAMPIONSHIP.HIBERNATE_SEQUENCE RESTART WITH 597
COMMIT
SET SCHEMA PUBLIC
DISCONNECT
/*C2655*/SET SCHEMA PUBLIC
DISCONNECT
/*C2656*/SET SCHEMA CHAMPIONSHIP
INSERT INTO SCORE VALUES(597,0,0,0,0,0,NULL)
ALTER SEQUENCE CHAMPIONSHIP.HIBERNATE_SEQUENCE RESTART WITH 598
COMMIT
SET SCHEMA PUBLIC
DISCONNECT
/*C2657*/SET SCHEMA CHAMPIONSHIP
INSERT INTO GROUP VALUES(598,'Gang of Four New',0)
ALTER SEQUENCE CHAMPIONSHIP.HIBERNATE_SEQUENCE RESTART WITH 599
COMMIT
SET SCHEMA PUBLIC
DISCONNECT
/*C2658*/SET SCHEMA CHAMPIONSHIP
INSERT INTO PARTICIPANT VALUES(599,NULL,'First',FALSE,NULL,NULL,NULL)
ALTER SEQUENCE CHAMPIONSHIP.HIBERNATE_SEQUENCE RESTART WITH 600
COMMIT
SET SCHEMA PUBLIC
DISCONNECT
/*C2659*/SET SCHEMA CHAMPIONSHIP
INSERT INTO PARTICIPANT VALUES(600,NULL,'Second',FALSE,NULL,NULL,NULL)
ALTER SEQUENCE CHAMPIONSHIP.HIBERNATE_SEQUENCE RESTART WITH 601
COMMIT
SET SCHEMA PUBLIC
DISCONNECT
/*C2660*/SET SCHEMA CHAMPIONSHIP
INSERT INTO PARTICIPANT VALUES(601,NULL,'Third',FALSE,NULL,NULL,NULL)
ALTER SEQUENCE CHAMPIONSHIP.HIBERNATE_SEQUENCE RESTART WITH 602
COMMIT
SET SCHEMA PUBLIC
DISCONNECT
/*C2661*/SET SCHEMA CHAMPIONSHIP
INSERT INTO PARTICIPANT VALUES(602,NULL,'Forth',FALSE,NULL,NULL,NULL)
ALTER SEQUENCE CHAMPIONSHIP.HIBERNATE_SEQUENCE RESTART WITH 603
COMMIT
SET SCHEMA PUBLIC
DISCONNECT
/*C2662*/SET SCHEMA PUBLIC
DISCONNECT
/*C2663*/SET SCHEMA CHAMPIONSHIP
INSERT INTO PARTICIPANT VALUES(603,NULL,'asas',FALSE,NULL,NULL,NULL)
ALTER SEQUENCE CHAMPIONSHIP.HIBERNATE_SEQUENCE RESTART WITH 604
COMMIT
SET SCHEMA PUBLIC
DISCONNECT
/*C2664*/SET SCHEMA CHAMPIONSHIP
INSERT INTO MATCH VALUES(604,NULL,NULL,NULL,NULL)
ALTER SEQUENCE CHAMPIONSHIP.HIBERNATE_SEQUENCE RESTART WITH 605
COMMIT
SET SCHEMA PUBLIC
DISCONNECT
/*C2665*/SET SCHEMA CHAMPIONSHIP
INSERT INTO MATCH VALUES(605,NULL,NULL,NULL,NULL)
ALTER SEQUENCE CHAMPIONSHIP.HIBERNATE_SEQUENCE RESTART WITH 606
COMMIT
SET SCHEMA PUBLIC
DISCONNECT
/*C2666*/SET SCHEMA CHAMPIONSHIP
INSERT INTO GROUP VALUES(606,'Group B',0)
ALTER SEQUENCE CHAMPIONSHIP.HIBERNATE_SEQUENCE RESTART WITH 607
COMMIT
SET SCHEMA PUBLIC
DISCONNECT
/*C2667*/SET SCHEMA PUBLIC
DISCONNECT
/*C2668*/SET SCHEMA PUBLIC
DISCONNECT
/*C2669*/SET SCHEMA PUBLIC
DISCONNECT
/*C2670*/SET SCHEMA CHAMPIONSHIP
INSERT INTO SET VALUES(607,0,0,NULL)
ALTER SEQUENCE CHAMPIONSHIP.HIBERNATE_SEQUENCE RESTART WITH 608
COMMIT
SET SCHEMA PUBLIC
DISCONNECT
/*C2671*/SET SCHEMA CHAMPIONSHIP
INSERT INTO SET VALUES(608,0,0,NULL)
ALTER SEQUENCE CHAMPIONSHIP.HIBERNATE_SEQUENCE RESTART WITH 609
COMMIT
SET SCHEMA PUBLIC
DISCONNECT
/*C2672*/SET SCHEMA CHAMPIONSHIP
INSERT INTO MATCH VALUES(609,NULL,NULL,NULL,NULL)
DELETE FROM SET WHERE SET_ID=607
INSERT INTO SET VALUES(607,0,0,609)
DELETE FROM SET WHERE SET_ID=608
INSERT INTO SET VALUES(608,0,0,609)
ALTER SEQUENCE CHAMPIONSHIP.HIBERNATE_SEQUENCE RESTART WITH 610
COMMIT
SET SCHEMA PUBLIC
DISCONNECT
/*C2673*/SET SCHEMA PUBLIC
DISCONNECT
/*C2674*/SET SCHEMA PUBLIC
DISCONNECT
/*C2675*/SET SCHEMA PUBLIC
DISCONNECT
/*C2676*/SET SCHEMA PUBLIC
DISCONNECT
/*C2677*/SET SCHEMA PUBLIC
DISCONNECT
/*C2678*/SET SCHEMA PUBLIC
DISCONNECT
/*C2679*/SET SCHEMA PUBLIC
DISCONNECT
/*C2680*/SET SCHEMA PUBLIC
DISCONNECT
/*C2681*/SET SCHEMA PUBLIC
DISCONNECT
/*C2682*/SET SCHEMA PUBLIC
DISCONNECT
/*C2683*/SET SCHEMA PUBLIC
DISCONNECT
/*C2684*/SET SCHEMA PUBLIC
DISCONNECT
/*C2685*/SET SCHEMA PUBLIC
DISCONNECT
/*C2686*/SET SCHEMA PUBLIC
DISCONNECT
/*C2687*/SET SCHEMA PUBLIC
DISCONNECT
/*C2688*/SET SCHEMA PUBLIC
DISCONNECT
/*C2689*/SET SCHEMA PUBLIC
DISCONNECT
/*C2690*/SET SCHEMA PUBLIC
DISCONNECT
/*C2691*/SET SCHEMA PUBLIC
DISCONNECT
/*C2692*/SET SCHEMA PUBLIC
DISCONNECT
/*C2693*/SET SCHEMA PUBLIC
DISCONNECT
/*C2694*/SET SCHEMA PUBLIC
DISCONNECT
/*C2695*/SET SCHEMA PUBLIC
DISCONNECT
/*C2696*/SET SCHEMA CHAMPIONSHIP
DELETE FROM GROUP WHERE GROUP_ID=606
COMMIT
SET SCHEMA PUBLIC
DISCONNECT
/*C2697*/SET SCHEMA PUBLIC
DISCONNECT
/*C2698*/SET SCHEMA PUBLIC
DISCONNECT
/*C2699*/SET SCHEMA PUBLIC
DISCONNECT
/*C2700*/SET SCHEMA CHAMPIONSHIP
DELETE FROM MATCH WHERE MATCH_ID=578
COMMIT
SET SCHEMA PUBLIC
DISCONNECT
/*C2701*/SET SCHEMA CHAMPIONSHIP
DELETE FROM MATCH WHERE MATCH_ID=579
COMMIT
SET SCHEMA PUBLIC
DISCONNECT
/*C2702*/SET SCHEMA CHAMPIONSHIP
DELETE FROM MATCH WHERE MATCH_ID=580
COMMIT
SET SCHEMA PUBLIC
DISCONNECT
/*C2703*/SET SCHEMA CHAMPIONSHIP
DELETE FROM MATCH WHERE MATCH_ID=581
COMMIT
SET SCHEMA PUBLIC
DISCONNECT
/*C2704*/SET SCHEMA CHAMPIONSHIP
DELETE FROM MATCH WHERE MATCH_ID=582
COMMIT
SET SCHEMA PUBLIC
DISCONNECT
/*C2705*/SET SCHEMA CHAMPIONSHIP
DELETE FROM MATCH WHERE MATCH_ID=583
COMMIT
SET SCHEMA PUBLIC
DISCONNECT
/*C2706*/SET SCHEMA CHAMPIONSHIP
DELETE FROM PARTICIPANT WHERE PARTICIPANT_ID=21
INSERT INTO PARTICIPANT VALUES(21,'durrauko@yahoo.com','Vladislav',FALSE,'Gospodinov','VladislavGospodinov.jpg',NULL)
COMMIT
SET SCHEMA PUBLIC
DISCONNECT
/*C2707*/SET SCHEMA CHAMPIONSHIP
DELETE FROM PARTICIPANT WHERE PARTICIPANT_ID=23
INSERT INTO PARTICIPANT VALUES(23,'new@login.com','New',FALSE,'Login','default.jpeg',NULL)
COMMIT
SET SCHEMA PUBLIC
DISCONNECT
/*C2708*/SET SCHEMA CHAMPIONSHIP
DELETE FROM PARTICIPANT WHERE PARTICIPANT_ID=25
INSERT INTO PARTICIPANT VALUES(25,'north@pole.santa','Gosho',FALSE,'Pingvina','GoshoPingvina.jpg',NULL)
COMMIT
SET SCHEMA PUBLIC
DISCONNECT
/*C2709*/SET SCHEMA CHAMPIONSHIP
DELETE FROM GROUP WHERE GROUP_ID=576
COMMIT
SET SCHEMA PUBLIC
DISCONNECT
/*C2710*/SET SCHEMA PUBLIC
DISCONNECT
/*C2711*/SET SCHEMA PUBLIC
DISCONNECT
/*C2712*/SET SCHEMA PUBLIC
DISCONNECT
/*C2713*/SET SCHEMA CHAMPIONSHIP
DELETE FROM MATCH WHERE MATCH_ID=584
COMMIT
SET SCHEMA PUBLIC
DISCONNECT
/*C2714*/SET SCHEMA CHAMPIONSHIP
DELETE FROM MATCH WHERE MATCH_ID=585
COMMIT
SET SCHEMA PUBLIC
DISCONNECT
/*C2715*/SET SCHEMA CHAMPIONSHIP
DELETE FROM MATCH WHERE MATCH_ID=586
COMMIT
SET SCHEMA PUBLIC
DISCONNECT
/*C2716*/SET SCHEMA CHAMPIONSHIP
DELETE FROM MATCH WHERE MATCH_ID=587
COMMIT
SET SCHEMA PUBLIC
DISCONNECT
/*C2717*/SET SCHEMA CHAMPIONSHIP
DELETE FROM MATCH WHERE MATCH_ID=588
COMMIT
SET SCHEMA PUBLIC
DISCONNECT
/*C2718*/SET SCHEMA CHAMPIONSHIP
DELETE FROM MATCH WHERE MATCH_ID=589
COMMIT
SET SCHEMA PUBLIC
DISCONNECT
/*C2719*/SET SCHEMA CHAMPIONSHIP
DELETE FROM PARTICIPANT WHERE PARTICIPANT_ID=27
INSERT INTO PARTICIPANT VALUES(27,'iliya.iliev.666@gmail.com','Ilia',FALSE,'Iliev','IliaIliev.jpg',NULL)
COMMIT
SET SCHEMA PUBLIC
DISCONNECT
/*C2720*/SET SCHEMA CHAMPIONSHIP
DELETE FROM PARTICIPANT WHERE PARTICIPANT_ID=29
INSERT INTO PARTICIPANT VALUES(29,'admin@admin.com','Admina',FALSE,'Admina','default.jpeg',NULL)
COMMIT
SET SCHEMA PUBLIC
DISCONNECT
/*C2721*/SET SCHEMA CHAMPIONSHIP
DELETE FROM PARTICIPANT WHERE PARTICIPANT_ID=131
INSERT INTO PARTICIPANT VALUES(131,'newest@try.bg','Newest',FALSE,'Entry','NewestEntry.jpg',NULL)
COMMIT
SET SCHEMA PUBLIC
DISCONNECT
/*C2722*/SET SCHEMA CHAMPIONSHIP
DELETE FROM GROUP WHERE GROUP_ID=577
COMMIT
SET SCHEMA PUBLIC
DISCONNECT
/*C2723*/SET SCHEMA PUBLIC
DISCONNECT
/*C2724*/SET SCHEMA PUBLIC
DISCONNECT
/*C2725*/SET SCHEMA PUBLIC
DISCONNECT
/*C2726*/SET SCHEMA CHAMPIONSHIP
DELETE FROM GROUP WHERE GROUP_ID=591
COMMIT
SET SCHEMA PUBLIC
DISCONNECT
/*C2727*/SET SCHEMA PUBLIC
DISCONNECT
/*C2728*/SET SCHEMA PUBLIC
DISCONNECT
/*C2729*/SET SCHEMA PUBLIC
DISCONNECT
/*C2730*/SET SCHEMA CHAMPIONSHIP
DELETE FROM GROUP WHERE GROUP_ID=598
COMMIT
SET SCHEMA PUBLIC
DISCONNECT
/*C2731*/SET SCHEMA PUBLIC
DISCONNECT
/*C2732*/SET SCHEMA PUBLIC
DISCONNECT
/*C2733*/SET SCHEMA PUBLIC
DISCONNECT
/*C2734*/SET SCHEMA PUBLIC
DISCONNECT
/*C2735*/SET SCHEMA PUBLIC
DISCONNECT
/*C2736*/SET SCHEMA CHAMPIONSHIP
DELETE FROM SCORE WHERE SCORE_ID=20
COMMIT
SET SCHEMA PUBLIC
DISCONNECT
/*C2737*/SET SCHEMA PUBLIC
DISCONNECT
/*C2738*/SET SCHEMA CHAMPIONSHIP
DELETE FROM PARTICIPANT WHERE PARTICIPANT_ID=21
COMMIT
SET SCHEMA PUBLIC
DISCONNECT
/*C2739*/SET SCHEMA PUBLIC
DISCONNECT
/*C2740*/SET SCHEMA PUBLIC
DISCONNECT
/*C2741*/SET SCHEMA CHAMPIONSHIP
DELETE FROM SCORE WHERE SCORE_ID=22
COMMIT
SET SCHEMA PUBLIC
DISCONNECT
/*C2742*/SET SCHEMA PUBLIC
DISCONNECT
/*C2743*/SET SCHEMA PUBLIC
DISCONNECT
/*C2744*/SET SCHEMA PUBLIC
DISCONNECT
/*C2745*/SET SCHEMA CHAMPIONSHIP
DELETE FROM SCORE WHERE SCORE_ID=24
COMMIT
SET SCHEMA PUBLIC
DISCONNECT
/*C2746*/SET SCHEMA PUBLIC
DISCONNECT
/*C2747*/SET SCHEMA CHAMPIONSHIP
DELETE FROM PARTICIPANT WHERE PARTICIPANT_ID=25
COMMIT
SET SCHEMA PUBLIC
DISCONNECT
/*C2748*/SET SCHEMA PUBLIC
DISCONNECT
/*C2749*/SET SCHEMA PUBLIC
DISCONNECT
/*C2750*/SET SCHEMA CHAMPIONSHIP
DELETE FROM SCORE WHERE SCORE_ID=26
COMMIT
SET SCHEMA PUBLIC
DISCONNECT
/*C2751*/SET SCHEMA PUBLIC
DISCONNECT
/*C2752*/SET SCHEMA CHAMPIONSHIP
DELETE FROM PARTICIPANT WHERE PARTICIPANT_ID=27
COMMIT
SET SCHEMA PUBLIC
DISCONNECT
/*C2753*/SET SCHEMA PUBLIC
DISCONNECT
/*C2754*/SET SCHEMA PUBLIC
DISCONNECT
/*C2755*/SET SCHEMA CHAMPIONSHIP
DELETE FROM SCORE WHERE SCORE_ID=28
COMMIT
SET SCHEMA PUBLIC
DISCONNECT
/*C2756*/SET SCHEMA PUBLIC
DISCONNECT
/*C2757*/SET SCHEMA CHAMPIONSHIP
DELETE FROM PARTICIPANT WHERE PARTICIPANT_ID=29
COMMIT
SET SCHEMA PUBLIC
DISCONNECT
/*C2758*/SET SCHEMA PUBLIC
DISCONNECT
/*C2759*/SET SCHEMA PUBLIC
DISCONNECT
/*C2760*/SET SCHEMA CHAMPIONSHIP
DELETE FROM SCORE WHERE SCORE_ID=130
COMMIT
SET SCHEMA PUBLIC
DISCONNECT
/*C2761*/SET SCHEMA PUBLIC
DISCONNECT
/*C2762*/SET SCHEMA CHAMPIONSHIP
DELETE FROM PARTICIPANT WHERE PARTICIPANT_ID=131
COMMIT
SET SCHEMA PUBLIC
DISCONNECT
/*C2763*/SET SCHEMA PUBLIC
DISCONNECT
/*C2764*/SET SCHEMA PUBLIC
DISCONNECT
/*C2765*/SET SCHEMA PUBLIC
DISCONNECT
/*C2766*/SET SCHEMA PUBLIC
DISCONNECT
/*C2767*/SET SCHEMA PUBLIC
DISCONNECT
/*C2768*/SET SCHEMA PUBLIC
DISCONNECT
/*C2769*/SET SCHEMA PUBLIC
DISCONNECT
/*C2770*/SET SCHEMA PUBLIC
DISCONNECT
/*C2771*/SET SCHEMA PUBLIC
DISCONNECT
/*C2772*/SET SCHEMA PUBLIC
DISCONNECT
/*C2773*/SET SCHEMA PUBLIC
DISCONNECT
/*C2774*/SET SCHEMA PUBLIC
DISCONNECT
/*C2775*/SET SCHEMA PUBLIC
DISCONNECT
/*C2776*/SET SCHEMA PUBLIC
DISCONNECT
/*C2777*/SET SCHEMA PUBLIC
DISCONNECT
/*C2778*/SET SCHEMA PUBLIC
DISCONNECT
/*C2779*/SET SCHEMA PUBLIC
DISCONNECT
/*C2780*/SET SCHEMA PUBLIC
DISCONNECT
/*C2781*/SET SCHEMA PUBLIC
DISCONNECT
/*C2782*/SET SCHEMA PUBLIC
DISCONNECT
/*C2783*/SET SCHEMA PUBLIC
DISCONNECT
/*C2784*/SET SCHEMA PUBLIC
DISCONNECT
/*C2785*/SET SCHEMA PUBLIC
DISCONNECT
/*C2786*/SET SCHEMA PUBLIC
DISCONNECT
/*C2787*/SET SCHEMA PUBLIC
DISCONNECT
/*C2788*/SET SCHEMA PUBLIC
DISCONNECT
/*C2789*/SET SCHEMA PUBLIC
DISCONNECT
/*C2790*/SET SCHEMA PUBLIC
DISCONNECT
/*C2791*/SET SCHEMA PUBLIC
DISCONNECT
/*C2792*/SET SCHEMA PUBLIC
DISCONNECT
/*C2793*/SET SCHEMA PUBLIC
DISCONNECT
/*C2794*/SET SCHEMA PUBLIC
DISCONNECT
/*C2795*/SET SCHEMA PUBLIC
DISCONNECT
/*C2796*/SET SCHEMA PUBLIC
DISCONNECT
/*C2797*/SET SCHEMA PUBLIC
DISCONNECT
/*C2798*/SET SCHEMA PUBLIC
DISCONNECT
/*C2799*/SET SCHEMA PUBLIC
DISCONNECT
/*C2800*/SET SCHEMA PUBLIC
DISCONNECT
/*C2801*/SET SCHEMA PUBLIC
DISCONNECT
/*C2802*/SET SCHEMA PUBLIC
DISCONNECT
/*C2803*/SET SCHEMA PUBLIC
DISCONNECT
/*C2804*/SET SCHEMA PUBLIC
DISCONNECT
/*C2805*/SET SCHEMA PUBLIC
DISCONNECT
/*C2806*/SET SCHEMA PUBLIC
DISCONNECT
/*C2807*/SET SCHEMA PUBLIC
DISCONNECT
/*C2808*/SET SCHEMA CHAMPIONSHIP
INSERT INTO USER VALUES(610,'drop@creata.com','Drop',FALSE,'Create','password','DropCreate.jpg')
ALTER SEQUENCE CHAMPIONSHIP.HIBERNATE_SEQUENCE RESTART WITH 611
COMMIT
SET SCHEMA PUBLIC
DISCONNECT
/*C2809*/SET SCHEMA PUBLIC
DISCONNECT
/*C2810*/SET SCHEMA PUBLIC
DISCONNECT
